{"/Users/jadiscke/projects/shawn-api/src/multerSetup.ts": {"path":"/Users/jadiscke/projects/shawn-api/src/multerSetup.ts","all":false,"statementMap":{"0":{"start":{"line":1,"column":0},"end":{"line":1,"column":0}},"1":{"start":{"line":2,"column":0},"end":{"line":2,"column":37}},"2":{"start":{"line":3,"column":0},"end":{"line":3,"column":28}},"3":{"start":{"line":4,"column":0},"end":{"line":4,"column":0}},"4":{"start":{"line":5,"column":0},"end":{"line":5,"column":36}},"5":{"start":{"line":6,"column":0},"end":{"line":6,"column":0}},"6":{"start":{"line":7,"column":0},"end":{"line":7,"column":37}},"7":{"start":{"line":8,"column":0},"end":{"line":8,"column":30}},"8":{"start":{"line":9,"column":0},"end":{"line":9,"column":6}},"9":{"start":{"line":10,"column":0},"end":{"line":10,"column":0}},"10":{"start":{"line":11,"column":0},"end":{"line":11,"column":34}},"11":{"start":{"line":12,"column":0},"end":{"line":12,"column":36}},"12":{"start":{"line":13,"column":0},"end":{"line":13,"column":6}},"13":{"start":{"line":14,"column":0},"end":{"line":14,"column":3}},"14":{"start":{"line":15,"column":0},"end":{"line":15,"column":0}},"15":{"start":{"line":16,"column":0},"end":{"line":16,"column":42}},"16":{"start":{"line":17,"column":0},"end":{"line":17,"column":0}},"17":{"start":{"line":18,"column":0},"end":{"line":18,"column":43}},"18":{"start":{"line":19,"column":0},"end":{"line":19,"column":51}},"19":{"start":{"line":20,"column":0},"end":{"line":20,"column":38}},"20":{"start":{"line":21,"column":0},"end":{"line":21,"column":7}},"21":{"start":{"line":22,"column":0},"end":{"line":22,"column":2}},"22":{"start":{"line":23,"column":0},"end":{"line":23,"column":0}},"23":{"start":{"line":24,"column":0},"end":{"line":24,"column":36}},"24":{"start":{"line":25,"column":0},"end":{"line":25,"column":19}},"25":{"start":{"line":26,"column":0},"end":{"line":26,"column":55}},"26":{"start":{"line":27,"column":0},"end":{"line":27,"column":2}}},"s":{"0":1,"1":1,"2":1,"3":1,"4":1,"5":1,"6":1,"7":0,"8":1,"9":1,"10":1,"11":0,"12":1,"13":1,"14":1,"15":1,"16":1,"17":1,"18":4,"19":0,"20":4,"21":4,"22":1,"23":1,"24":1,"25":1,"26":1},"branchMap":{"0":{"type":"branch","line":18,"loc":{"start":{"line":18,"column":25},"end":{"line":22,"column":2}},"locations":[{"start":{"line":18,"column":25},"end":{"line":22,"column":2}}]},"1":{"type":"branch","line":26,"loc":{"start":{"line":26,"column":15},"end":{"line":26,"column":53}},"locations":[{"start":{"line":26,"column":15},"end":{"line":26,"column":53}}]}},"b":{"0":[4],"1":[4]},"fnMap":{"0":{"name":"destination","decl":{"start":{"line":7,"column":17},"end":{"line":9,"column":5}},"loc":{"start":{"line":7,"column":17},"end":{"line":9,"column":5}},"line":7},"1":{"name":"filename","decl":{"start":{"line":11,"column":14},"end":{"line":13,"column":5}},"loc":{"start":{"line":11,"column":14},"end":{"line":13,"column":5}},"line":11},"2":{"name":"snakeToCamelCase","decl":{"start":{"line":18,"column":25},"end":{"line":22,"column":2}},"loc":{"start":{"line":18,"column":25},"end":{"line":22,"column":2}},"line":18},"3":{"name":"mapHeaders","decl":{"start":{"line":26,"column":15},"end":{"line":26,"column":53}},"loc":{"start":{"line":26,"column":15},"end":{"line":26,"column":53}},"line":26}},"f":{"0":0,"1":0,"2":4,"3":4}}
,"/Users/jadiscke/projects/shawn-api/src/services/csvLoadService.ts": {"path":"/Users/jadiscke/projects/shawn-api/src/services/csvLoadService.ts","all":false,"statementMap":{"0":{"start":{"line":1,"column":0},"end":{"line":1,"column":20}},"1":{"start":{"line":2,"column":0},"end":{"line":2,"column":44}},"2":{"start":{"line":3,"column":0},"end":{"line":3,"column":24}},"3":{"start":{"line":4,"column":0},"end":{"line":4,"column":35}},"4":{"start":{"line":5,"column":0},"end":{"line":5,"column":44}},"5":{"start":{"line":6,"column":0},"end":{"line":6,"column":31}},"6":{"start":{"line":7,"column":0},"end":{"line":7,"column":0}},"7":{"start":{"line":8,"column":0},"end":{"line":8,"column":28}},"8":{"start":{"line":9,"column":0},"end":{"line":9,"column":21}},"9":{"start":{"line":10,"column":0},"end":{"line":10,"column":24}},"10":{"start":{"line":11,"column":0},"end":{"line":11,"column":21}},"11":{"start":{"line":12,"column":0},"end":{"line":12,"column":30}},"12":{"start":{"line":13,"column":0},"end":{"line":13,"column":3}},"13":{"start":{"line":14,"column":0},"end":{"line":14,"column":0}},"14":{"start":{"line":15,"column":0},"end":{"line":15,"column":94}},"15":{"start":{"line":16,"column":0},"end":{"line":16,"column":50}},"16":{"start":{"line":17,"column":0},"end":{"line":17,"column":36}},"17":{"start":{"line":18,"column":0},"end":{"line":18,"column":87}},"18":{"start":{"line":19,"column":0},"end":{"line":19,"column":41}},"19":{"start":{"line":20,"column":0},"end":{"line":20,"column":31}},"20":{"start":{"line":21,"column":0},"end":{"line":21,"column":28}},"21":{"start":{"line":22,"column":0},"end":{"line":22,"column":26}},"22":{"start":{"line":23,"column":0},"end":{"line":23,"column":33}},"23":{"start":{"line":24,"column":0},"end":{"line":24,"column":36}},"24":{"start":{"line":25,"column":0},"end":{"line":25,"column":24}},"25":{"start":{"line":26,"column":0},"end":{"line":26,"column":30}},"26":{"start":{"line":27,"column":0},"end":{"line":27,"column":36}},"27":{"start":{"line":28,"column":0},"end":{"line":28,"column":11}},"28":{"start":{"line":29,"column":0},"end":{"line":29,"column":7}},"29":{"start":{"line":30,"column":0},"end":{"line":30,"column":1}},"30":{"start":{"line":31,"column":0},"end":{"line":31,"column":0}},"31":{"start":{"line":32,"column":0},"end":{"line":32,"column":45}},"32":{"start":{"line":33,"column":0},"end":{"line":33,"column":70}},"33":{"start":{"line":34,"column":0},"end":{"line":34,"column":0}},"34":{"start":{"line":35,"column":0},"end":{"line":35,"column":34}},"35":{"start":{"line":36,"column":0},"end":{"line":36,"column":0}},"36":{"start":{"line":37,"column":0},"end":{"line":37,"column":24}},"37":{"start":{"line":38,"column":0},"end":{"line":38,"column":56}},"38":{"start":{"line":39,"column":0},"end":{"line":39,"column":5}},"39":{"start":{"line":40,"column":0},"end":{"line":40,"column":9}},"40":{"start":{"line":41,"column":0},"end":{"line":41,"column":66}},"41":{"start":{"line":42,"column":0},"end":{"line":42,"column":92}},"42":{"start":{"line":43,"column":0},"end":{"line":43,"column":66}},"43":{"start":{"line":44,"column":0},"end":{"line":44,"column":0}},"44":{"start":{"line":45,"column":0},"end":{"line":45,"column":92}},"45":{"start":{"line":46,"column":0},"end":{"line":46,"column":19}},"46":{"start":{"line":47,"column":0},"end":{"line":47,"column":34}},"47":{"start":{"line":48,"column":0},"end":{"line":48,"column":52}},"48":{"start":{"line":49,"column":0},"end":{"line":49,"column":8}},"49":{"start":{"line":50,"column":0},"end":{"line":50,"column":0}},"50":{"start":{"line":51,"column":0},"end":{"line":51,"column":60}},"51":{"start":{"line":52,"column":0},"end":{"line":52,"column":5}},"52":{"start":{"line":53,"column":0},"end":{"line":53,"column":0}},"53":{"start":{"line":54,"column":0},"end":{"line":54,"column":0}},"54":{"start":{"line":55,"column":0},"end":{"line":55,"column":1}}},"s":{"0":1,"1":1,"2":1,"3":1,"4":1,"5":1,"6":1,"7":1,"8":1,"9":1,"10":1,"11":1,"12":1,"13":1,"14":2,"15":2,"16":2,"17":2,"18":3,"19":3,"20":2,"21":1,"22":2,"23":0,"24":0,"25":2,"26":1,"27":2,"28":2,"29":2,"30":1,"31":1,"32":1,"33":3,"34":3,"35":3,"36":3,"37":1,"38":1,"39":2,"40":2,"41":2,"42":1,"43":1,"44":1,"45":1,"46":1,"47":0,"48":0,"49":1,"50":1,"51":1,"52":3,"53":3,"54":3},"branchMap":{"0":{"type":"branch","line":15,"loc":{"start":{"line":15,"column":0},"end":{"line":30,"column":1}},"locations":[{"start":{"line":15,"column":0},"end":{"line":30,"column":1}}]},"1":{"type":"branch","line":16,"loc":{"start":{"line":16,"column":23},"end":{"line":29,"column":5}},"locations":[{"start":{"line":16,"column":23},"end":{"line":29,"column":5}}]},"2":{"type":"branch","line":18,"loc":{"start":{"line":18,"column":77},"end":{"line":21,"column":9}},"locations":[{"start":{"line":18,"column":77},"end":{"line":21,"column":9}}]},"3":{"type":"branch","line":21,"loc":{"start":{"line":21,"column":21},"end":{"line":23,"column":9}},"locations":[{"start":{"line":21,"column":21},"end":{"line":23,"column":9}}]},"4":{"type":"branch","line":26,"loc":{"start":{"line":26,"column":23},"end":{"line":28,"column":9}},"locations":[{"start":{"line":26,"column":23},"end":{"line":28,"column":9}}]},"5":{"type":"branch","line":33,"loc":{"start":{"line":33,"column":30},"end":{"line":55,"column":1}},"locations":[{"start":{"line":33,"column":30},"end":{"line":55,"column":1}}]},"6":{"type":"branch","line":33,"loc":{"start":{"line":33,"column":68},"end":{"line":55,"column":1}},"locations":[{"start":{"line":33,"column":68},"end":{"line":55,"column":1}}]},"7":{"type":"branch","line":37,"loc":{"start":{"line":37,"column":23},"end":{"line":39,"column":5}},"locations":[{"start":{"line":37,"column":23},"end":{"line":39,"column":5}}]},"8":{"type":"branch","line":40,"loc":{"start":{"line":40,"column":-1},"end":{"line":42,"column":92}},"locations":[{"start":{"line":40,"column":-1},"end":{"line":42,"column":92}}]},"9":{"type":"branch","line":43,"loc":{"start":{"line":43,"column":-1},"end":{"line":52,"column":5}},"locations":[{"start":{"line":43,"column":-1},"end":{"line":52,"column":5}}]},"10":{"type":"branch","line":47,"loc":{"start":{"line":47,"column":33},"end":{"line":49,"column":8}},"locations":[{"start":{"line":47,"column":33},"end":{"line":49,"column":8}}]}},"b":{"0":[2],"1":[2],"2":[3],"3":[1],"4":[1],"5":[3],"6":[3],"7":[1],"8":[2],"9":[1],"10":[0]},"fnMap":{"0":{"name":"readFileThenRemoveAsync","decl":{"start":{"line":15,"column":0},"end":{"line":30,"column":1}},"loc":{"start":{"line":15,"column":0},"end":{"line":30,"column":1}},"line":15},"1":{"name":"csvLoadService","decl":{"start":{"line":33,"column":30},"end":{"line":55,"column":1}},"loc":{"start":{"line":33,"column":30},"end":{"line":55,"column":1}},"line":33}},"f":{"0":2,"1":3}}
}
