TN:
SF:src/multerSetup.ts
FN:7,destination
FN:11,filename
FN:18,snakeToCamelCase
FN:26,mapHeaders
FNF:4
FNH:2
FNDA:0,destination
FNDA:0,filename
FNDA:4,snakeToCamelCase
FNDA:4,mapHeaders
DA:1,1
DA:2,1
DA:3,1
DA:4,1
DA:5,1
DA:6,1
DA:7,1
DA:8,0
DA:9,1
DA:10,1
DA:11,1
DA:12,0
DA:13,1
DA:14,1
DA:15,1
DA:16,1
DA:17,1
DA:18,1
DA:19,4
DA:20,0
DA:21,4
DA:22,4
DA:23,1
DA:24,1
DA:25,1
DA:26,1
DA:27,1
LF:27
LH:24
BRDA:18,0,0,4
BRDA:26,1,0,4
BRF:2
BRH:2
end_of_record
TN:
SF:src/services/csvLoadService.ts
FN:15,readFileThenRemoveAsync
FN:33,csvLoadService
FNF:2
FNH:2
FNDA:2,readFileThenRemoveAsync
FNDA:3,csvLoadService
DA:1,1
DA:2,1
DA:3,1
DA:4,1
DA:5,1
DA:6,1
DA:7,1
DA:8,1
DA:9,1
DA:10,1
DA:11,1
DA:12,1
DA:13,1
DA:14,1
DA:15,2
DA:16,2
DA:17,2
DA:18,2
DA:19,3
DA:20,3
DA:21,2
DA:22,1
DA:23,2
DA:24,0
DA:25,0
DA:26,2
DA:27,1
DA:28,2
DA:29,2
DA:30,2
DA:31,1
DA:32,1
DA:33,1
DA:34,3
DA:35,3
DA:36,3
DA:37,3
DA:38,1
DA:39,1
DA:40,2
DA:41,2
DA:42,2
DA:43,1
DA:44,1
DA:45,1
DA:46,1
DA:47,1
DA:48,0
DA:49,0
DA:50,1
DA:51,1
DA:52,1
DA:53,3
DA:54,3
DA:55,3
LF:55
LH:51
BRDA:15,0,0,2
BRDA:16,1,0,2
BRDA:18,2,0,3
BRDA:21,3,0,1
BRDA:26,4,0,1
BRDA:33,5,0,3
BRDA:33,6,0,3
BRDA:37,7,0,1
BRDA:40,8,0,2
BRDA:43,9,0,1
BRDA:47,10,0,0
BRF:11
BRH:10
end_of_record
